2024-04-28 13:52:22   Arguments: Namespace(aggregator_name='token_module', backbone_name='dinov2', device='cuda', dim=768, epochs_num=80, foundation_model_path='pth/dinov2_vitb14_pretrain.pth', infer_batch_size=300, kernel_size=3, lr=0.0001, mlp_ratio=3.0, nc=4096, num_trainable_blocks=4, num_workers=4, optim='adam', patience=5, recall_values=[1, 5, 10, 100], resize=[224, 224], save_dir='logs/2024-04-28_13-52-22', seed=0, train_batch_size=170, val_set_names=['msls_val'])
2024-04-28 13:52:22   The outputs are being saved in logs/2024-04-28_13-52-22
2024-04-28 13:52:22   validation dataset names:['msls_val']
2024-04-28 13:52:22   Using 2 GPUs and 64 CPUs
2024-04-28 13:52:22   using MLP layer as FFN
2024-04-28 13:52:26   GeoLocalizationNet(
  (backbone): Dinov2(
    (model): DinoVisionTransformer(
      (patch_embed): PatchEmbed(
        (proj): Conv2d(3, 768, kernel_size=(14, 14), stride=(14, 14))
        (norm): Identity()
      )
      (blocks): ModuleList(
        (0): NestedTensorBlock(
          (norm1): LayerNorm((768,), eps=1e-06, elementwise_affine=True)
          (attn): MemEffAttention(
            (qkv): Linear(in_features=768, out_features=2304, bias=True)
            (attn_drop): Dropout(p=0.0, inplace=False)
            (proj): Linear(in_features=768, out_features=768, bias=True)
            (proj_drop): Dropout(p=0.0, inplace=False)
          )
          (ls1): LayerScale()
          (drop_path1): Identity()
          (norm2): LayerNorm((768,), eps=1e-06, elementwise_affine=True)
          (mlp): Mlp(
            (fc1): Linear(in_features=768, out_features=3072, bias=True)
            (act): GELU(approximate='none')
            (fc2): Linear(in_features=3072, out_features=768, bias=True)
            (drop): Dropout(p=0.0, inplace=False)
          )
          (ls2): LayerScale()
          (drop_path2): Identity()
        )
        (1): NestedTensorBlock(
          (norm1): LayerNorm((768,), eps=1e-06, elementwise_affine=True)
          (attn): MemEffAttention(
            (qkv): Linear(in_features=768, out_features=2304, bias=True)
            (attn_drop): Dropout(p=0.0, inplace=False)
            (proj): Linear(in_features=768, out_features=768, bias=True)
            (proj_drop): Dropout(p=0.0, inplace=False)
          )
          (ls1): LayerScale()
          (drop_path1): Identity()
          (norm2): LayerNorm((768,), eps=1e-06, elementwise_affine=True)
          (mlp): Mlp(
            (fc1): Linear(in_features=768, out_features=3072, bias=True)
            (act): GELU(approximate='none')
            (fc2): Linear(in_features=3072, out_features=768, bias=True)
            (drop): Dropout(p=0.0, inplace=False)
          )
          (ls2): LayerScale()
          (drop_path2): Identity()
        )
        (2): NestedTensorBlock(
          (norm1): LayerNorm((768,), eps=1e-06, elementwise_affine=True)
          (attn): MemEffAttention(
            (qkv): Linear(in_features=768, out_features=2304, bias=True)
            (attn_drop): Dropout(p=0.0, inplace=False)
            (proj): Linear(in_features=768, out_features=768, bias=True)
            (proj_drop): Dropout(p=0.0, inplace=False)
          )
          (ls1): LayerScale()
          (drop_path1): Identity()
          (norm2): LayerNorm((768,), eps=1e-06, elementwise_affine=True)
          (mlp): Mlp(
            (fc1): Linear(in_features=768, out_features=3072, bias=True)
            (act): GELU(approximate='none')
            (fc2): Linear(in_features=3072, out_features=768, bias=True)
            (drop): Dropout(p=0.0, inplace=False)
          )
          (ls2): LayerScale()
          (drop_path2): Identity()
        )
        (3): NestedTensorBlock(
          (norm1): LayerNorm((768,), eps=1e-06, elementwise_affine=True)
          (attn): MemEffAttention(
            (qkv): Linear(in_features=768, out_features=2304, bias=True)
            (attn_drop): Dropout(p=0.0, inplace=False)
            (proj): Linear(in_features=768, out_features=768, bias=True)
            (proj_drop): Dropout(p=0.0, inplace=False)
          )
          (ls1): LayerScale()
          (drop_path1): Identity()
          (norm2): LayerNorm((768,), eps=1e-06, elementwise_affine=True)
          (mlp): Mlp(
            (fc1): Linear(in_features=768, out_features=3072, bias=True)
            (act): GELU(approximate='none')
            (fc2): Linear(in_features=3072, out_features=768, bias=True)
            (drop): Dropout(p=0.0, inplace=False)
          )
          (ls2): LayerScale()
          (drop_path2): Identity()
        )
        (4): NestedTensorBlock(
          (norm1): LayerNorm((768,), eps=1e-06, elementwise_affine=True)
          (attn): MemEffAttention(
            (qkv): Linear(in_features=768, out_features=2304, bias=True)
            (attn_drop): Dropout(p=0.0, inplace=False)
            (proj): Linear(in_features=768, out_features=768, bias=True)
            (proj_drop): Dropout(p=0.0, inplace=False)
          )
          (ls1): LayerScale()
          (drop_path1): Identity()
          (norm2): LayerNorm((768,), eps=1e-06, elementwise_affine=True)
          (mlp): Mlp(
            (fc1): Linear(in_features=768, out_features=3072, bias=True)
            (act): GELU(approximate='none')
            (fc2): Linear(in_features=3072, out_features=768, bias=True)
            (drop): Dropout(p=0.0, inplace=False)
          )
          (ls2): LayerScale()
          (drop_path2): Identity()
        )
        (5): NestedTensorBlock(
          (norm1): LayerNorm((768,), eps=1e-06, elementwise_affine=True)
          (attn): MemEffAttention(
            (qkv): Linear(in_features=768, out_features=2304, bias=True)
            (attn_drop): Dropout(p=0.0, inplace=False)
            (proj): Linear(in_features=768, out_features=768, bias=True)
            (proj_drop): Dropout(p=0.0, inplace=False)
          )
          (ls1): LayerScale()
          (drop_path1): Identity()
          (norm2): LayerNorm((768,), eps=1e-06, elementwise_affine=True)
          (mlp): Mlp(
            (fc1): Linear(in_features=768, out_features=3072, bias=True)
            (act): GELU(approximate='none')
            (fc2): Linear(in_features=3072, out_features=768, bias=True)
            (drop): Dropout(p=0.0, inplace=False)
          )
          (ls2): LayerScale()
          (drop_path2): Identity()
        )
        (6): NestedTensorBlock(
          (norm1): LayerNorm((768,), eps=1e-06, elementwise_affine=True)
          (attn): MemEffAttention(
            (qkv): Linear(in_features=768, out_features=2304, bias=True)
            (attn_drop): Dropout(p=0.0, inplace=False)
            (proj): Linear(in_features=768, out_features=768, bias=True)
            (proj_drop): Dropout(p=0.0, inplace=False)
          )
          (ls1): LayerScale()
          (drop_path1): Identity()
          (norm2): LayerNorm((768,), eps=1e-06, elementwise_affine=True)
          (mlp): Mlp(
            (fc1): Linear(in_features=768, out_features=3072, bias=True)
            (act): GELU(approximate='none')
            (fc2): Linear(in_features=3072, out_features=768, bias=True)
            (drop): Dropout(p=0.0, inplace=False)
          )
          (ls2): LayerScale()
          (drop_path2): Identity()
        )
        (7): NestedTensorBlock(
          (norm1): LayerNorm((768,), eps=1e-06, elementwise_affine=True)
          (attn): MemEffAttention(
            (qkv): Linear(in_features=768, out_features=2304, bias=True)
            (attn_drop): Dropout(p=0.0, inplace=False)
            (proj): Linear(in_features=768, out_features=768, bias=True)
            (proj_drop): Dropout(p=0.0, inplace=False)
          )
          (ls1): LayerScale()
          (drop_path1): Identity()
          (norm2): LayerNorm((768,), eps=1e-06, elementwise_affine=True)
          (mlp): Mlp(
            (fc1): Linear(in_features=768, out_features=3072, bias=True)
            (act): GELU(approximate='none')
            (fc2): Linear(in_features=3072, out_features=768, bias=True)
            (drop): Dropout(p=0.0, inplace=False)
          )
          (ls2): LayerScale()
          (drop_path2): Identity()
        )
        (8): NestedTensorBlock(
          (norm1): LayerNorm((768,), eps=1e-06, elementwise_affine=True)
          (attn): MemEffAttention(
            (qkv): Linear(in_features=768, out_features=2304, bias=True)
            (attn_drop): Dropout(p=0.0, inplace=False)
            (proj): Linear(in_features=768, out_features=768, bias=True)
            (proj_drop): Dropout(p=0.0, inplace=False)
          )
          (ls1): LayerScale()
          (drop_path1): Identity()
          (norm2): LayerNorm((768,), eps=1e-06, elementwise_affine=True)
          (mlp): Mlp(
            (fc1): Linear(in_features=768, out_features=3072, bias=True)
            (act): GELU(approximate='none')
            (fc2): Linear(in_features=3072, out_features=768, bias=True)
            (drop): Dropout(p=0.0, inplace=False)
          )
          (ls2): LayerScale()
          (drop_path2): Identity()
        )
        (9): NestedTensorBlock(
          (norm1): LayerNorm((768,), eps=1e-06, elementwise_affine=True)
          (attn): MemEffAttention(
            (qkv): Linear(in_features=768, out_features=2304, bias=True)
            (attn_drop): Dropout(p=0.0, inplace=False)
            (proj): Linear(in_features=768, out_features=768, bias=True)
            (proj_drop): Dropout(p=0.0, inplace=False)
          )
          (ls1): LayerScale()
          (drop_path1): Identity()
          (norm2): LayerNorm((768,), eps=1e-06, elementwise_affine=True)
          (mlp): Mlp(
            (fc1): Linear(in_features=768, out_features=3072, bias=True)
            (act): GELU(approximate='none')
            (fc2): Linear(in_features=3072, out_features=768, bias=True)
            (drop): Dropout(p=0.0, inplace=False)
          )
          (ls2): LayerScale()
          (drop_path2): Identity()
        )
        (10): NestedTensorBlock(
          (norm1): LayerNorm((768,), eps=1e-06, elementwise_affine=True)
          (attn): MemEffAttention(
            (qkv): Linear(in_features=768, out_features=2304, bias=True)
            (attn_drop): Dropout(p=0.0, inplace=False)
            (proj): Linear(in_features=768, out_features=768, bias=True)
            (proj_drop): Dropout(p=0.0, inplace=False)
          )
          (ls1): LayerScale()
          (drop_path1): Identity()
          (norm2): LayerNorm((768,), eps=1e-06, elementwise_affine=True)
          (mlp): Mlp(
            (fc1): Linear(in_features=768, out_features=3072, bias=True)
            (act): GELU(approximate='none')
            (fc2): Linear(in_features=3072, out_features=768, bias=True)
            (drop): Dropout(p=0.0, inplace=False)
          )
          (ls2): LayerScale()
          (drop_path2): Identity()
        )
        (11): NestedTensorBlock(
          (norm1): LayerNorm((768,), eps=1e-06, elementwise_affine=True)
          (attn): MemEffAttention(
            (qkv): Linear(in_features=768, out_features=2304, bias=True)
            (attn_drop): Dropout(p=0.0, inplace=False)
            (proj): Linear(in_features=768, out_features=768, bias=True)
            (proj_drop): Dropout(p=0.0, inplace=False)
          )
          (ls1): LayerScale()
          (drop_path1): Identity()
          (norm2): LayerNorm((768,), eps=1e-06, elementwise_affine=True)
          (mlp): Mlp(
            (fc1): Linear(in_features=768, out_features=3072, bias=True)
            (act): GELU(approximate='none')
            (fc2): Linear(in_features=3072, out_features=768, bias=True)
            (drop): Dropout(p=0.0, inplace=False)
          )
          (ls2): LayerScale()
          (drop_path2): Identity()
        )
      )
      (norm): LayerNorm((768,), eps=1e-06, elementwise_affine=True)
      (head): Identity()
    )
  )
  (aggregator): TokenMudule(
    (token_block): TokenBlock(
      (space_self_aware): SpaceSelfAware(
        (pad): ZeroPad2d((1, 1, 2, 0))
        (unfold): Unfold(kernel_size=(3, 3), dilation=1, padding=0, stride=1)
      )
      (space_fusion): Sequential(
        (0): L2Norm()
        (1): GeneralizedMeanPooling(3.0, output_size=1)
      )
      (channel): Mlp(
        (fc1): Linear(in_features=768, out_features=2304, bias=True)
        (act): GELU(approximate='none')
        (drop1): Dropout(p=0.0, inplace=False)
        (fc2): Linear(in_features=2304, out_features=768, bias=True)
        (drop2): Dropout(p=0.0, inplace=False)
      )
    )
    (head): GeMHead(
      (pool): GeneralizedMeanPooling(3.0, output_size=1)
      (fc): Linear(in_features=768, out_features=4096, bias=True)
    )
  )
)
2024-04-28 13:52:27   Val set: < MSLS, msls-val - #database: 18871; #queries: 747 >
2024-04-28 13:52:27   Start training epoch: 00
2024-04-28 14:13:03   Finished epoch 00 in 0:20:35, average epoch loss = 0.7937
2024-04-28 14:14:03   Ranking results: msls_val R@1: 0.8622, R@5: 0.9257, R@10: 0.9378, R@15: 0.9459, R@20: 0.9473, R@50: 0.9581, R@100: 0.9649
2024-04-28 14:14:05   Improved: previous msls-val best R@1 = 0.0000, current R@1 = 0.8622
2024-04-28 14:14:05   Start training epoch: 01
2024-04-28 14:34:35   Finished epoch 01 in 0:20:30, average epoch loss = 0.4492
2024-04-28 14:35:35   Ranking results: msls_val R@1: 0.8743, R@5: 0.9392, R@10: 0.9486, R@15: 0.9514, R@20: 0.9527, R@50: 0.9635, R@100: 0.9689
2024-04-28 14:35:43   Improved: previous msls-val best R@1 = 0.8622, current R@1 = 0.8743
2024-04-28 14:35:43   Start training epoch: 02
2024-04-28 14:56:10   Finished epoch 02 in 0:20:26, average epoch loss = 0.3850
2024-04-28 14:57:10   Ranking results: msls_val R@1: 0.8676, R@5: 0.9405, R@10: 0.9473, R@15: 0.9541, R@20: 0.9554, R@50: 0.9662, R@100: 0.9689
2024-04-28 14:57:14   Not improved: 1 / 5: msls-val best R@1 = 0.8743, current R@1 = 0.8676
2024-04-28 14:57:14   Start training epoch: 03
2024-04-28 15:17:37   Finished epoch 03 in 0:20:23, average epoch loss = 0.3324
2024-04-28 15:18:37   Ranking results: msls_val R@1: 0.8824, R@5: 0.9405, R@10: 0.9541, R@15: 0.9595, R@20: 0.9662, R@50: 0.9716, R@100: 0.9770
2024-04-28 15:18:44   Improved: previous msls-val best R@1 = 0.8743, current R@1 = 0.8824
2024-04-28 15:18:44   Start training epoch: 04
2024-04-28 15:39:08   Finished epoch 04 in 0:20:23, average epoch loss = 0.3097
2024-04-28 15:40:07   Ranking results: msls_val R@1: 0.8973, R@5: 0.9486, R@10: 0.9568, R@15: 0.9622, R@20: 0.9635, R@50: 0.9676, R@100: 0.9730
2024-04-28 15:40:15   Improved: previous msls-val best R@1 = 0.8824, current R@1 = 0.8973
2024-04-28 15:40:15   Start training epoch: 05
2024-04-28 16:00:38   Finished epoch 05 in 0:20:22, average epoch loss = 0.2935
2024-04-28 16:01:38   Ranking results: msls_val R@1: 0.8892, R@5: 0.9459, R@10: 0.9581, R@15: 0.9608, R@20: 0.9622, R@50: 0.9689, R@100: 0.9730
2024-04-28 16:01:41   Not improved: 1 / 5: msls-val best R@1 = 0.8973, current R@1 = 0.8892
2024-04-28 16:01:41   Start training epoch: 06
2024-04-28 16:22:03   Finished epoch 06 in 0:20:21, average epoch loss = 0.2685
2024-04-28 16:23:02   Ranking results: msls_val R@1: 0.8905, R@5: 0.9486, R@10: 0.9568, R@15: 0.9622, R@20: 0.9635, R@50: 0.9689, R@100: 0.9716
2024-04-28 16:23:06   Not improved: 2 / 5: msls-val best R@1 = 0.8973, current R@1 = 0.8905
2024-04-28 16:23:06   Start training epoch: 07
2024-04-28 16:43:27   Finished epoch 07 in 0:20:21, average epoch loss = 0.2566
2024-04-28 16:44:26   Ranking results: msls_val R@1: 0.8932, R@5: 0.9486, R@10: 0.9568, R@15: 0.9608, R@20: 0.9622, R@50: 0.9676, R@100: 0.9730
2024-04-28 16:44:30   Not improved: 3 / 5: msls-val best R@1 = 0.8973, current R@1 = 0.8932
2024-04-28 16:44:30   Start training epoch: 08
2024-04-28 17:04:50   Finished epoch 08 in 0:20:20, average epoch loss = 0.2461
2024-04-28 17:05:49   Ranking results: msls_val R@1: 0.8959, R@5: 0.9486, R@10: 0.9554, R@15: 0.9608, R@20: 0.9649, R@50: 0.9716, R@100: 0.9743
2024-04-28 17:05:53   Not improved: 4 / 5: msls-val best R@1 = 0.8973, current R@1 = 0.8959
2024-04-28 17:05:53   Start training epoch: 09
2024-04-28 17:26:14   Finished epoch 09 in 0:20:20, average epoch loss = 0.2327
2024-04-28 17:27:13   Ranking results: msls_val R@1: 0.8986, R@5: 0.9514, R@10: 0.9568, R@15: 0.9635, R@20: 0.9635, R@50: 0.9703, R@100: 0.9757
2024-04-28 17:27:20   Improved: previous msls-val best R@1 = 0.8973, current R@1 = 0.8986
2024-04-28 17:27:20   Start training epoch: 10
2024-04-28 17:47:40   Finished epoch 10 in 0:20:20, average epoch loss = 0.2227
2024-04-28 17:48:39   Ranking results: msls_val R@1: 0.8851, R@5: 0.9473, R@10: 0.9514, R@15: 0.9595, R@20: 0.9635, R@50: 0.9662, R@100: 0.9716
2024-04-28 17:48:43   Not improved: 1 / 5: msls-val best R@1 = 0.8986, current R@1 = 0.8851
2024-04-28 17:48:43   Start training epoch: 11
2024-04-28 18:09:03   Finished epoch 11 in 0:20:20, average epoch loss = 0.2179
2024-04-28 18:10:02   Ranking results: msls_val R@1: 0.8892, R@5: 0.9500, R@10: 0.9568, R@15: 0.9595, R@20: 0.9622, R@50: 0.9662, R@100: 0.9716
2024-04-28 18:10:06   Not improved: 2 / 5: msls-val best R@1 = 0.8986, current R@1 = 0.8892
2024-04-28 18:10:06   Start training epoch: 12
2024-04-28 18:30:25   Finished epoch 12 in 0:20:19, average epoch loss = 0.2132
2024-04-28 18:31:24   Ranking results: msls_val R@1: 0.8865, R@5: 0.9473, R@10: 0.9554, R@15: 0.9608, R@20: 0.9608, R@50: 0.9649, R@100: 0.9757
2024-04-28 18:31:29   Not improved: 3 / 5: msls-val best R@1 = 0.8986, current R@1 = 0.8865
2024-04-28 18:31:29   Start training epoch: 13
2024-04-28 18:51:49   Finished epoch 13 in 0:20:20, average epoch loss = 0.2077
2024-04-28 18:52:48   Ranking results: msls_val R@1: 0.8946, R@5: 0.9486, R@10: 0.9554, R@15: 0.9608, R@20: 0.9635, R@50: 0.9649, R@100: 0.9730
2024-04-28 18:52:51   Not improved: 4 / 5: msls-val best R@1 = 0.8986, current R@1 = 0.8946
2024-04-28 18:52:51   Start training epoch: 14
2024-04-28 19:13:10   Finished epoch 14 in 0:20:19, average epoch loss = 0.2049
2024-04-28 19:14:10   Ranking results: msls_val R@1: 0.8919, R@5: 0.9514, R@10: 0.9554, R@15: 0.9608, R@20: 0.9635, R@50: 0.9649, R@100: 0.9716
2024-04-28 19:14:14   Not improved: 5 / 5: msls-val best R@1 = 0.8986, current R@1 = 0.8919
2024-04-28 19:14:14   Performance did not improve for 5 epochs. Stop training.
2024-04-28 19:14:14   Best  msls-val best R@1 = 0.8986
2024-04-28 19:14:14   Trained for 15 epochs, in total in 5:21:52
2024-04-28 19:14:14   Val set: < MSLS, msls-val - #database: 18871; #queries: 747 >
2024-04-28 19:14:14   Val set: < Tokyo247Dataset, Tokyo - #database: 75984; #queries: 423 >
2024-04-28 19:14:14   Val set: < SPEDDataset, SPED - #database: 607; #queries: 607 >
2024-04-28 19:14:14   Val set: < NordlandDataset, nordland - #database: 27592; #queries: 2760 >
2024-04-28 19:14:14   Val set: < WholeDatasetFromStruct, pitts30k_val - #database: 10000; #queries: 7608 >
2024-04-28 19:14:14   Val set: < WholeDatasetFromStruct, pitts30k_test - #database: 10000; #queries: 6816 >
2024-04-28 19:14:15   Val set: < WholeDatasetFromStruct, pitts250k_test - #database: 83952; #queries: 8280 >
2024-04-28 19:14:16   Val set: < WholeDatasetFromStruct, pitts250k_val - #database: 78648; #queries: 7608 >
2024-04-28 19:14:16   Test *best* model on test set
2024-04-28 19:15:15   Ranking results: msls_val R@1: 0.8986, R@5: 0.9514, R@10: 0.9568, R@15: 0.9635, R@20: 0.9635, R@50: 0.9703, R@100: 0.9757
2024-04-28 19:21:28   Ranking results: tokyo247 R@1: 0.8298, R@5: 0.9031, R@10: 0.9125, R@15: 0.9291, R@20: 0.9314, R@50: 0.9504, R@100: 0.9645
2024-04-28 19:21:33   Ranking results: SPED R@1: 0.8847, R@5: 0.9506, R@10: 0.9621, R@15: 0.9638, R@20: 0.9687, R@50: 0.9835, R@100: 0.9885
2024-04-28 19:23:09   Ranking results: nordland R@1: 0.6359, R@5: 0.7957, R@10: 0.8453, R@15: 0.8678, R@20: 0.8822, R@50: 0.9268, R@100: 0.9525
2024-04-28 19:24:12   Ranking results: pitts30k_val R@1: 0.9470, R@5: 0.9880, R@10: 0.9941, R@15: 0.9957, R@20: 0.9968, R@50: 0.9992, R@100: 1.0000
2024-04-28 19:25:11   Ranking results: pitts30k_test R@1: 0.9187, R@5: 0.9583, R@10: 0.9671, R@15: 0.9734, R@20: 0.9764, R@50: 0.9830, R@100: 0.9887
2024-04-28 19:31:07   Ranking results: pitts250k_test R@1: 0.9469, R@5: 0.9826, R@10: 0.9896, R@15: 0.9919, R@20: 0.9931, R@50: 0.9954, R@100: 0.9970
2024-04-28 19:36:31   Ranking results: pitts250k_val R@1: 0.9448, R@5: 0.9862, R@10: 0.9928, R@15: 0.9946, R@20: 0.9958, R@50: 0.9987, R@100: 0.9996
2024-04-28 19:36:31   Test *last* model on test set
2024-04-28 19:37:30   Ranking results: msls_val R@1: 0.8919, R@5: 0.9514, R@10: 0.9554, R@15: 0.9608, R@20: 0.9635, R@50: 0.9649, R@100: 0.9716
2024-04-28 19:43:39   Ranking results: tokyo247 R@1: 0.8369, R@5: 0.9031, R@10: 0.9149, R@15: 0.9243, R@20: 0.9291, R@50: 0.9551, R@100: 0.9669
2024-04-28 19:43:44   Ranking results: SPED R@1: 0.8781, R@5: 0.9423, R@10: 0.9539, R@15: 0.9671, R@20: 0.9736, R@50: 0.9819, R@100: 0.9852
2024-04-28 19:45:21   Ranking results: nordland R@1: 0.6109, R@5: 0.7833, R@10: 0.8322, R@15: 0.8572, R@20: 0.8699, R@50: 0.9152, R@100: 0.9446
2024-04-28 19:46:23   Ranking results: pitts30k_val R@1: 0.9441, R@5: 0.9882, R@10: 0.9945, R@15: 0.9965, R@20: 0.9972, R@50: 0.9995, R@100: 0.9997
2024-04-28 19:47:22   Ranking results: pitts30k_test R@1: 0.9181, R@5: 0.9580, R@10: 0.9683, R@15: 0.9723, R@20: 0.9752, R@50: 0.9827, R@100: 0.9875
2024-04-28 19:53:18   Ranking results: pitts250k_test R@1: 0.9478, R@5: 0.9843, R@10: 0.9905, R@15: 0.9928, R@20: 0.9936, R@50: 0.9955, R@100: 0.9966
2024-04-28 19:58:45   Ranking results: pitts250k_val R@1: 0.9411, R@5: 0.9859, R@10: 0.9926, R@15: 0.9951, R@20: 0.9961, R@50: 0.9986, R@100: 0.9995
