2024-04-29 04:07:02   Arguments: Namespace(aggregator_name='token_module', backbone_name='dinov2', device='cuda', dim=768, epochs_num=80, foundation_model_path='pth/dinov2_vitb14_pretrain.pth', infer_batch_size=300, kernel_size=3, lr=0.0001, mlp_ratio=1.5, nc=4096, num_trainable_blocks=4, num_workers=4, optim='adam', patience=5, recall_values=[1, 5, 10, 100], resize=[224, 224], save_dir='logs/2024-04-29_04-07-02', seed=0, train_batch_size=170, val_set_names=['msls_val'])
2024-04-29 04:07:02   The outputs are being saved in logs/2024-04-29_04-07-02
2024-04-29 04:07:02   validation dataset names:['msls_val']
2024-04-29 04:07:02   Using 2 GPUs and 64 CPUs
2024-04-29 04:07:02   using MLP layer as FFN
2024-04-29 04:07:05   GeoLocalizationNet(
  (backbone): Dinov2(
    (model): DinoVisionTransformer(
      (patch_embed): PatchEmbed(
        (proj): Conv2d(3, 768, kernel_size=(14, 14), stride=(14, 14))
        (norm): Identity()
      )
      (blocks): ModuleList(
        (0): NestedTensorBlock(
          (norm1): LayerNorm((768,), eps=1e-06, elementwise_affine=True)
          (attn): MemEffAttention(
            (qkv): Linear(in_features=768, out_features=2304, bias=True)
            (attn_drop): Dropout(p=0.0, inplace=False)
            (proj): Linear(in_features=768, out_features=768, bias=True)
            (proj_drop): Dropout(p=0.0, inplace=False)
          )
          (ls1): LayerScale()
          (drop_path1): Identity()
          (norm2): LayerNorm((768,), eps=1e-06, elementwise_affine=True)
          (mlp): Mlp(
            (fc1): Linear(in_features=768, out_features=3072, bias=True)
            (act): GELU(approximate='none')
            (fc2): Linear(in_features=3072, out_features=768, bias=True)
            (drop): Dropout(p=0.0, inplace=False)
          )
          (ls2): LayerScale()
          (drop_path2): Identity()
        )
        (1): NestedTensorBlock(
          (norm1): LayerNorm((768,), eps=1e-06, elementwise_affine=True)
          (attn): MemEffAttention(
            (qkv): Linear(in_features=768, out_features=2304, bias=True)
            (attn_drop): Dropout(p=0.0, inplace=False)
            (proj): Linear(in_features=768, out_features=768, bias=True)
            (proj_drop): Dropout(p=0.0, inplace=False)
          )
          (ls1): LayerScale()
          (drop_path1): Identity()
          (norm2): LayerNorm((768,), eps=1e-06, elementwise_affine=True)
          (mlp): Mlp(
            (fc1): Linear(in_features=768, out_features=3072, bias=True)
            (act): GELU(approximate='none')
            (fc2): Linear(in_features=3072, out_features=768, bias=True)
            (drop): Dropout(p=0.0, inplace=False)
          )
          (ls2): LayerScale()
          (drop_path2): Identity()
        )
        (2): NestedTensorBlock(
          (norm1): LayerNorm((768,), eps=1e-06, elementwise_affine=True)
          (attn): MemEffAttention(
            (qkv): Linear(in_features=768, out_features=2304, bias=True)
            (attn_drop): Dropout(p=0.0, inplace=False)
            (proj): Linear(in_features=768, out_features=768, bias=True)
            (proj_drop): Dropout(p=0.0, inplace=False)
          )
          (ls1): LayerScale()
          (drop_path1): Identity()
          (norm2): LayerNorm((768,), eps=1e-06, elementwise_affine=True)
          (mlp): Mlp(
            (fc1): Linear(in_features=768, out_features=3072, bias=True)
            (act): GELU(approximate='none')
            (fc2): Linear(in_features=3072, out_features=768, bias=True)
            (drop): Dropout(p=0.0, inplace=False)
          )
          (ls2): LayerScale()
          (drop_path2): Identity()
        )
        (3): NestedTensorBlock(
          (norm1): LayerNorm((768,), eps=1e-06, elementwise_affine=True)
          (attn): MemEffAttention(
            (qkv): Linear(in_features=768, out_features=2304, bias=True)
            (attn_drop): Dropout(p=0.0, inplace=False)
            (proj): Linear(in_features=768, out_features=768, bias=True)
            (proj_drop): Dropout(p=0.0, inplace=False)
          )
          (ls1): LayerScale()
          (drop_path1): Identity()
          (norm2): LayerNorm((768,), eps=1e-06, elementwise_affine=True)
          (mlp): Mlp(
            (fc1): Linear(in_features=768, out_features=3072, bias=True)
            (act): GELU(approximate='none')
            (fc2): Linear(in_features=3072, out_features=768, bias=True)
            (drop): Dropout(p=0.0, inplace=False)
          )
          (ls2): LayerScale()
          (drop_path2): Identity()
        )
        (4): NestedTensorBlock(
          (norm1): LayerNorm((768,), eps=1e-06, elementwise_affine=True)
          (attn): MemEffAttention(
            (qkv): Linear(in_features=768, out_features=2304, bias=True)
            (attn_drop): Dropout(p=0.0, inplace=False)
            (proj): Linear(in_features=768, out_features=768, bias=True)
            (proj_drop): Dropout(p=0.0, inplace=False)
          )
          (ls1): LayerScale()
          (drop_path1): Identity()
          (norm2): LayerNorm((768,), eps=1e-06, elementwise_affine=True)
          (mlp): Mlp(
            (fc1): Linear(in_features=768, out_features=3072, bias=True)
            (act): GELU(approximate='none')
            (fc2): Linear(in_features=3072, out_features=768, bias=True)
            (drop): Dropout(p=0.0, inplace=False)
          )
          (ls2): LayerScale()
          (drop_path2): Identity()
        )
        (5): NestedTensorBlock(
          (norm1): LayerNorm((768,), eps=1e-06, elementwise_affine=True)
          (attn): MemEffAttention(
            (qkv): Linear(in_features=768, out_features=2304, bias=True)
            (attn_drop): Dropout(p=0.0, inplace=False)
            (proj): Linear(in_features=768, out_features=768, bias=True)
            (proj_drop): Dropout(p=0.0, inplace=False)
          )
          (ls1): LayerScale()
          (drop_path1): Identity()
          (norm2): LayerNorm((768,), eps=1e-06, elementwise_affine=True)
          (mlp): Mlp(
            (fc1): Linear(in_features=768, out_features=3072, bias=True)
            (act): GELU(approximate='none')
            (fc2): Linear(in_features=3072, out_features=768, bias=True)
            (drop): Dropout(p=0.0, inplace=False)
          )
          (ls2): LayerScale()
          (drop_path2): Identity()
        )
        (6): NestedTensorBlock(
          (norm1): LayerNorm((768,), eps=1e-06, elementwise_affine=True)
          (attn): MemEffAttention(
            (qkv): Linear(in_features=768, out_features=2304, bias=True)
            (attn_drop): Dropout(p=0.0, inplace=False)
            (proj): Linear(in_features=768, out_features=768, bias=True)
            (proj_drop): Dropout(p=0.0, inplace=False)
          )
          (ls1): LayerScale()
          (drop_path1): Identity()
          (norm2): LayerNorm((768,), eps=1e-06, elementwise_affine=True)
          (mlp): Mlp(
            (fc1): Linear(in_features=768, out_features=3072, bias=True)
            (act): GELU(approximate='none')
            (fc2): Linear(in_features=3072, out_features=768, bias=True)
            (drop): Dropout(p=0.0, inplace=False)
          )
          (ls2): LayerScale()
          (drop_path2): Identity()
        )
        (7): NestedTensorBlock(
          (norm1): LayerNorm((768,), eps=1e-06, elementwise_affine=True)
          (attn): MemEffAttention(
            (qkv): Linear(in_features=768, out_features=2304, bias=True)
            (attn_drop): Dropout(p=0.0, inplace=False)
            (proj): Linear(in_features=768, out_features=768, bias=True)
            (proj_drop): Dropout(p=0.0, inplace=False)
          )
          (ls1): LayerScale()
          (drop_path1): Identity()
          (norm2): LayerNorm((768,), eps=1e-06, elementwise_affine=True)
          (mlp): Mlp(
            (fc1): Linear(in_features=768, out_features=3072, bias=True)
            (act): GELU(approximate='none')
            (fc2): Linear(in_features=3072, out_features=768, bias=True)
            (drop): Dropout(p=0.0, inplace=False)
          )
          (ls2): LayerScale()
          (drop_path2): Identity()
        )
        (8): NestedTensorBlock(
          (norm1): LayerNorm((768,), eps=1e-06, elementwise_affine=True)
          (attn): MemEffAttention(
            (qkv): Linear(in_features=768, out_features=2304, bias=True)
            (attn_drop): Dropout(p=0.0, inplace=False)
            (proj): Linear(in_features=768, out_features=768, bias=True)
            (proj_drop): Dropout(p=0.0, inplace=False)
          )
          (ls1): LayerScale()
          (drop_path1): Identity()
          (norm2): LayerNorm((768,), eps=1e-06, elementwise_affine=True)
          (mlp): Mlp(
            (fc1): Linear(in_features=768, out_features=3072, bias=True)
            (act): GELU(approximate='none')
            (fc2): Linear(in_features=3072, out_features=768, bias=True)
            (drop): Dropout(p=0.0, inplace=False)
          )
          (ls2): LayerScale()
          (drop_path2): Identity()
        )
        (9): NestedTensorBlock(
          (norm1): LayerNorm((768,), eps=1e-06, elementwise_affine=True)
          (attn): MemEffAttention(
            (qkv): Linear(in_features=768, out_features=2304, bias=True)
            (attn_drop): Dropout(p=0.0, inplace=False)
            (proj): Linear(in_features=768, out_features=768, bias=True)
            (proj_drop): Dropout(p=0.0, inplace=False)
          )
          (ls1): LayerScale()
          (drop_path1): Identity()
          (norm2): LayerNorm((768,), eps=1e-06, elementwise_affine=True)
          (mlp): Mlp(
            (fc1): Linear(in_features=768, out_features=3072, bias=True)
            (act): GELU(approximate='none')
            (fc2): Linear(in_features=3072, out_features=768, bias=True)
            (drop): Dropout(p=0.0, inplace=False)
          )
          (ls2): LayerScale()
          (drop_path2): Identity()
        )
        (10): NestedTensorBlock(
          (norm1): LayerNorm((768,), eps=1e-06, elementwise_affine=True)
          (attn): MemEffAttention(
            (qkv): Linear(in_features=768, out_features=2304, bias=True)
            (attn_drop): Dropout(p=0.0, inplace=False)
            (proj): Linear(in_features=768, out_features=768, bias=True)
            (proj_drop): Dropout(p=0.0, inplace=False)
          )
          (ls1): LayerScale()
          (drop_path1): Identity()
          (norm2): LayerNorm((768,), eps=1e-06, elementwise_affine=True)
          (mlp): Mlp(
            (fc1): Linear(in_features=768, out_features=3072, bias=True)
            (act): GELU(approximate='none')
            (fc2): Linear(in_features=3072, out_features=768, bias=True)
            (drop): Dropout(p=0.0, inplace=False)
          )
          (ls2): LayerScale()
          (drop_path2): Identity()
        )
        (11): NestedTensorBlock(
          (norm1): LayerNorm((768,), eps=1e-06, elementwise_affine=True)
          (attn): MemEffAttention(
            (qkv): Linear(in_features=768, out_features=2304, bias=True)
            (attn_drop): Dropout(p=0.0, inplace=False)
            (proj): Linear(in_features=768, out_features=768, bias=True)
            (proj_drop): Dropout(p=0.0, inplace=False)
          )
          (ls1): LayerScale()
          (drop_path1): Identity()
          (norm2): LayerNorm((768,), eps=1e-06, elementwise_affine=True)
          (mlp): Mlp(
            (fc1): Linear(in_features=768, out_features=3072, bias=True)
            (act): GELU(approximate='none')
            (fc2): Linear(in_features=3072, out_features=768, bias=True)
            (drop): Dropout(p=0.0, inplace=False)
          )
          (ls2): LayerScale()
          (drop_path2): Identity()
        )
      )
      (norm): LayerNorm((768,), eps=1e-06, elementwise_affine=True)
      (head): Identity()
    )
  )
  (aggregator): TokenMudule(
    (token_block): TokenBlock(
      (space_self_aware): SpaceSelfAware(
        (pad): ZeroPad2d((1, 1, 2, 0))
        (unfold): Unfold(kernel_size=(3, 3), dilation=1, padding=0, stride=1)
      )
      (space_fusion): Sequential(
        (0): L2Norm()
        (1): GeneralizedMeanPooling(3.0, output_size=1)
      )
      (channel): Mlp(
        (fc1): Linear(in_features=768, out_features=1152, bias=True)
        (act): GELU(approximate='none')
        (drop1): Dropout(p=0.0, inplace=False)
        (fc2): Linear(in_features=1152, out_features=768, bias=True)
        (drop2): Dropout(p=0.0, inplace=False)
      )
    )
    (head): GeMHead(
      (pool): GeneralizedMeanPooling(3.0, output_size=1)
      (fc): Linear(in_features=768, out_features=4096, bias=True)
    )
  )
)
2024-04-29 04:07:06   Val set: < MSLS, msls-val - #database: 18871; #queries: 747 >
2024-04-29 04:07:06   Start training epoch: 00
2024-04-29 04:27:18   Finished epoch 00 in 0:20:11, average epoch loss = 0.8043
2024-04-29 04:28:17   Ranking results: msls_val R@1: 0.8459, R@5: 0.9135, R@10: 0.9338, R@15: 0.9514, R@20: 0.9568, R@50: 0.9662, R@100: 0.9703
2024-04-29 04:28:19   Improved: previous msls-val best R@1 = 0.0000, current R@1 = 0.8459
2024-04-29 04:28:19   Start training epoch: 01
2024-04-29 04:48:30   Finished epoch 01 in 0:20:11, average epoch loss = 0.4440
2024-04-29 04:49:29   Ranking results: msls_val R@1: 0.8703, R@5: 0.9311, R@10: 0.9446, R@15: 0.9500, R@20: 0.9527, R@50: 0.9676, R@100: 0.9730
2024-04-29 04:49:36   Improved: previous msls-val best R@1 = 0.8459, current R@1 = 0.8703
2024-04-29 04:49:36   Start training epoch: 02
2024-04-29 05:09:47   Finished epoch 02 in 0:20:11, average epoch loss = 0.3825
2024-04-29 05:10:46   Ranking results: msls_val R@1: 0.8676, R@5: 0.9392, R@10: 0.9446, R@15: 0.9500, R@20: 0.9541, R@50: 0.9689, R@100: 0.9716
2024-04-29 05:10:50   Not improved: 1 / 5: msls-val best R@1 = 0.8703, current R@1 = 0.8676
2024-04-29 05:10:50   Start training epoch: 03
2024-04-29 05:31:02   Finished epoch 03 in 0:20:11, average epoch loss = 0.3286
2024-04-29 05:32:01   Ranking results: msls_val R@1: 0.8878, R@5: 0.9459, R@10: 0.9554, R@15: 0.9595, R@20: 0.9608, R@50: 0.9676, R@100: 0.9730
2024-04-29 05:32:09   Improved: previous msls-val best R@1 = 0.8703, current R@1 = 0.8878
2024-04-29 05:32:09   Start training epoch: 04
2024-04-29 05:52:22   Finished epoch 04 in 0:20:12, average epoch loss = 0.3035
2024-04-29 05:53:21   Ranking results: msls_val R@1: 0.8932, R@5: 0.9459, R@10: 0.9514, R@15: 0.9581, R@20: 0.9595, R@50: 0.9635, R@100: 0.9716
2024-04-29 05:53:28   Improved: previous msls-val best R@1 = 0.8878, current R@1 = 0.8932
2024-04-29 05:53:28   Start training epoch: 05
2024-04-29 06:13:40   Finished epoch 05 in 0:20:12, average epoch loss = 0.2877
2024-04-29 06:14:39   Ranking results: msls_val R@1: 0.8838, R@5: 0.9405, R@10: 0.9541, R@15: 0.9568, R@20: 0.9595, R@50: 0.9676, R@100: 0.9716
2024-04-29 06:14:44   Not improved: 1 / 5: msls-val best R@1 = 0.8932, current R@1 = 0.8838
2024-04-29 06:14:44   Start training epoch: 06
2024-04-29 06:34:58   Finished epoch 06 in 0:20:14, average epoch loss = 0.2619
2024-04-29 06:35:58   Ranking results: msls_val R@1: 0.8973, R@5: 0.9432, R@10: 0.9527, R@15: 0.9608, R@20: 0.9608, R@50: 0.9703, R@100: 0.9716
2024-04-29 06:36:07   Improved: previous msls-val best R@1 = 0.8932, current R@1 = 0.8973
2024-04-29 06:36:07   Start training epoch: 07
2024-04-29 06:56:21   Finished epoch 07 in 0:20:14, average epoch loss = 0.2493
2024-04-29 06:57:20   Ranking results: msls_val R@1: 0.8959, R@5: 0.9446, R@10: 0.9541, R@15: 0.9608, R@20: 0.9622, R@50: 0.9649, R@100: 0.9730
2024-04-29 06:57:24   Not improved: 1 / 5: msls-val best R@1 = 0.8973, current R@1 = 0.8959
2024-04-29 06:57:24   Start training epoch: 08
2024-04-29 07:17:36   Finished epoch 08 in 0:20:11, average epoch loss = 0.2377
2024-04-29 07:18:35   Ranking results: msls_val R@1: 0.9000, R@5: 0.9473, R@10: 0.9541, R@15: 0.9622, R@20: 0.9635, R@50: 0.9716, R@100: 0.9730
2024-04-29 07:18:43   Improved: previous msls-val best R@1 = 0.8973, current R@1 = 0.9000
2024-04-29 07:18:43   Start training epoch: 09
2024-04-29 07:38:52   Finished epoch 09 in 0:20:08, average epoch loss = 0.2253
2024-04-29 07:39:51   Ranking results: msls_val R@1: 0.8946, R@5: 0.9432, R@10: 0.9568, R@15: 0.9595, R@20: 0.9635, R@50: 0.9716, R@100: 0.9730
2024-04-29 07:39:55   Not improved: 1 / 5: msls-val best R@1 = 0.9000, current R@1 = 0.8946
2024-04-29 07:39:55   Start training epoch: 10
2024-04-29 08:00:02   Finished epoch 10 in 0:20:07, average epoch loss = 0.2168
2024-04-29 08:01:01   Ranking results: msls_val R@1: 0.8905, R@5: 0.9446, R@10: 0.9554, R@15: 0.9622, R@20: 0.9649, R@50: 0.9730, R@100: 0.9770
2024-04-29 08:01:04   Not improved: 2 / 5: msls-val best R@1 = 0.9000, current R@1 = 0.8905
2024-04-29 08:01:04   Start training epoch: 11
2024-04-29 08:21:09   Finished epoch 11 in 0:20:05, average epoch loss = 0.2139
2024-04-29 08:22:09   Ranking results: msls_val R@1: 0.8932, R@5: 0.9446, R@10: 0.9541, R@15: 0.9622, R@20: 0.9622, R@50: 0.9716, R@100: 0.9757
2024-04-29 08:22:13   Not improved: 3 / 5: msls-val best R@1 = 0.9000, current R@1 = 0.8932
2024-04-29 08:22:13   Start training epoch: 12
2024-04-29 08:42:18   Finished epoch 12 in 0:20:05, average epoch loss = 0.2051
2024-04-29 08:43:17   Ranking results: msls_val R@1: 0.8973, R@5: 0.9419, R@10: 0.9527, R@15: 0.9608, R@20: 0.9622, R@50: 0.9716, R@100: 0.9743
2024-04-29 08:43:20   Not improved: 4 / 5: msls-val best R@1 = 0.9000, current R@1 = 0.8973
2024-04-29 08:43:20   Start training epoch: 13
2024-04-29 09:03:25   Finished epoch 13 in 0:20:04, average epoch loss = 0.2006
2024-04-29 09:04:24   Ranking results: msls_val R@1: 0.8905, R@5: 0.9432, R@10: 0.9527, R@15: 0.9568, R@20: 0.9622, R@50: 0.9716, R@100: 0.9770
2024-04-29 09:04:27   Not improved: 5 / 5: msls-val best R@1 = 0.9000, current R@1 = 0.8905
2024-04-29 09:04:27   Performance did not improve for 5 epochs. Stop training.
2024-04-29 09:04:27   Best  msls-val best R@1 = 0.9000
2024-04-29 09:04:27   Trained for 14 epochs, in total in 4:57:25
2024-04-29 09:04:27   Val set: < MSLS, msls-val - #database: 18871; #queries: 747 >
2024-04-29 09:04:27   Val set: < Tokyo247Dataset, Tokyo - #database: 75984; #queries: 423 >
2024-04-29 09:04:27   Val set: < SPEDDataset, SPED - #database: 607; #queries: 607 >
2024-04-29 09:04:27   Val set: < NordlandDataset, nordland - #database: 27592; #queries: 2760 >
2024-04-29 09:04:27   Val set: < WholeDatasetFromStruct, pitts30k_val - #database: 10000; #queries: 7608 >
2024-04-29 09:04:27   Val set: < WholeDatasetFromStruct, pitts30k_test - #database: 10000; #queries: 6816 >
2024-04-29 09:04:28   Val set: < WholeDatasetFromStruct, pitts250k_test - #database: 83952; #queries: 8280 >
2024-04-29 09:04:28   Val set: < WholeDatasetFromStruct, pitts250k_val - #database: 78648; #queries: 7608 >
2024-04-29 09:04:28   Test *best* model on test set
2024-04-29 09:05:27   Ranking results: msls_val R@1: 0.9000, R@5: 0.9473, R@10: 0.9541, R@15: 0.9622, R@20: 0.9635, R@50: 0.9716, R@100: 0.9730
2024-04-29 09:11:38   Ranking results: tokyo247 R@1: 0.8416, R@5: 0.8983, R@10: 0.9173, R@15: 0.9338, R@20: 0.9480, R@50: 0.9622, R@100: 0.9716
2024-04-29 09:11:43   Ranking results: SPED R@1: 0.8699, R@5: 0.9390, R@10: 0.9423, R@15: 0.9555, R@20: 0.9621, R@50: 0.9736, R@100: 0.9835
2024-04-29 09:13:20   Ranking results: nordland R@1: 0.4855, R@5: 0.6572, R@10: 0.7101, R@15: 0.7424, R@20: 0.7649, R@50: 0.8355, R@100: 0.8739
2024-04-29 09:14:21   Ranking results: pitts30k_val R@1: 0.9478, R@5: 0.9887, R@10: 0.9954, R@15: 0.9976, R@20: 0.9984, R@50: 0.9995, R@100: 0.9999
2024-04-29 09:15:20   Ranking results: pitts30k_test R@1: 0.9085, R@5: 0.9533, R@10: 0.9664, R@15: 0.9721, R@20: 0.9762, R@50: 0.9853, R@100: 0.9897
2024-04-29 09:21:15   Ranking results: pitts250k_test R@1: 0.9402, R@5: 0.9786, R@10: 0.9868, R@15: 0.9902, R@20: 0.9923, R@50: 0.9961, R@100: 0.9975
2024-04-29 09:26:40   Ranking results: pitts250k_val R@1: 0.9443, R@5: 0.9857, R@10: 0.9934, R@15: 0.9955, R@20: 0.9971, R@50: 0.9987, R@100: 0.9995
2024-04-29 09:26:40   Test *last* model on test set
2024-04-29 09:27:38   Ranking results: msls_val R@1: 0.8905, R@5: 0.9432, R@10: 0.9527, R@15: 0.9568, R@20: 0.9622, R@50: 0.9716, R@100: 0.9770
2024-04-29 09:33:51   Ranking results: tokyo247 R@1: 0.8345, R@5: 0.9031, R@10: 0.9220, R@15: 0.9314, R@20: 0.9362, R@50: 0.9574, R@100: 0.9693
2024-04-29 09:33:57   Ranking results: SPED R@1: 0.8748, R@5: 0.9407, R@10: 0.9456, R@15: 0.9489, R@20: 0.9572, R@50: 0.9736, R@100: 0.9852
2024-04-29 09:35:33   Ranking results: nordland R@1: 0.5395, R@5: 0.7098, R@10: 0.7620, R@15: 0.7877, R@20: 0.8076, R@50: 0.8721, R@100: 0.9043
2024-04-29 09:36:34   Ranking results: pitts30k_val R@1: 0.9433, R@5: 0.9886, R@10: 0.9950, R@15: 0.9974, R@20: 0.9983, R@50: 0.9996, R@100: 1.0000
2024-04-29 09:37:33   Ranking results: pitts30k_test R@1: 0.9112, R@5: 0.9553, R@10: 0.9668, R@15: 0.9734, R@20: 0.9767, R@50: 0.9840, R@100: 0.9887
2024-04-29 09:43:27   Ranking results: pitts250k_test R@1: 0.9417, R@5: 0.9808, R@10: 0.9879, R@15: 0.9907, R@20: 0.9932, R@50: 0.9961, R@100: 0.9977
2024-04-29 09:48:52   Ranking results: pitts250k_val R@1: 0.9397, R@5: 0.9858, R@10: 0.9926, R@15: 0.9954, R@20: 0.9966, R@50: 0.9987, R@100: 0.9999
