2024-05-02 05:22:08   Arguments: Namespace(aggregator_name='token_module', backbone_name='dinov2', device='cuda', dim=768, epochs_num=80, foundation_model_path='pth/dinov2_vitb14_pretrain.pth', infer_batch_size=300, kernel_size=3, lr=0.0001, mlp_ratio=0.5, nc=4096, num_trainable_blocks=4, num_workers=4, optim='adam', patience=3, recall_values=[1, 5, 10, 100], resize=[224, 224], save_dir='logs/2024-05-02_05-22-08', seed=0, train_batch_size=160, val_set_names=['msls_val'])
2024-05-02 05:22:08   The outputs are being saved in logs/2024-05-02_05-22-08
2024-05-02 05:22:08   validation dataset names:['msls_val']
2024-05-02 05:22:10   Using 2 GPUs and 64 CPUs
2024-05-02 05:22:10   using MLP layer as FFN
2024-05-02 05:22:13   GeoLocalizationNet(
  (backbone): Dinov2(
    (model): DinoVisionTransformer(
      (patch_embed): PatchEmbed(
        (proj): Conv2d(3, 768, kernel_size=(14, 14), stride=(14, 14))
        (norm): Identity()
      )
      (blocks): ModuleList(
        (0): NestedTensorBlock(
          (norm1): LayerNorm((768,), eps=1e-06, elementwise_affine=True)
          (attn): MemEffAttention(
            (qkv): Linear(in_features=768, out_features=2304, bias=True)
            (attn_drop): Dropout(p=0.0, inplace=False)
            (proj): Linear(in_features=768, out_features=768, bias=True)
            (proj_drop): Dropout(p=0.0, inplace=False)
          )
          (ls1): LayerScale()
          (drop_path1): Identity()
          (norm2): LayerNorm((768,), eps=1e-06, elementwise_affine=True)
          (mlp): Mlp(
            (fc1): Linear(in_features=768, out_features=3072, bias=True)
            (act): GELU(approximate='none')
            (fc2): Linear(in_features=3072, out_features=768, bias=True)
            (drop): Dropout(p=0.0, inplace=False)
          )
          (ls2): LayerScale()
          (drop_path2): Identity()
        )
        (1): NestedTensorBlock(
          (norm1): LayerNorm((768,), eps=1e-06, elementwise_affine=True)
          (attn): MemEffAttention(
            (qkv): Linear(in_features=768, out_features=2304, bias=True)
            (attn_drop): Dropout(p=0.0, inplace=False)
            (proj): Linear(in_features=768, out_features=768, bias=True)
            (proj_drop): Dropout(p=0.0, inplace=False)
          )
          (ls1): LayerScale()
          (drop_path1): Identity()
          (norm2): LayerNorm((768,), eps=1e-06, elementwise_affine=True)
          (mlp): Mlp(
            (fc1): Linear(in_features=768, out_features=3072, bias=True)
            (act): GELU(approximate='none')
            (fc2): Linear(in_features=3072, out_features=768, bias=True)
            (drop): Dropout(p=0.0, inplace=False)
          )
          (ls2): LayerScale()
          (drop_path2): Identity()
        )
        (2): NestedTensorBlock(
          (norm1): LayerNorm((768,), eps=1e-06, elementwise_affine=True)
          (attn): MemEffAttention(
            (qkv): Linear(in_features=768, out_features=2304, bias=True)
            (attn_drop): Dropout(p=0.0, inplace=False)
            (proj): Linear(in_features=768, out_features=768, bias=True)
            (proj_drop): Dropout(p=0.0, inplace=False)
          )
          (ls1): LayerScale()
          (drop_path1): Identity()
          (norm2): LayerNorm((768,), eps=1e-06, elementwise_affine=True)
          (mlp): Mlp(
            (fc1): Linear(in_features=768, out_features=3072, bias=True)
            (act): GELU(approximate='none')
            (fc2): Linear(in_features=3072, out_features=768, bias=True)
            (drop): Dropout(p=0.0, inplace=False)
          )
          (ls2): LayerScale()
          (drop_path2): Identity()
        )
        (3): NestedTensorBlock(
          (norm1): LayerNorm((768,), eps=1e-06, elementwise_affine=True)
          (attn): MemEffAttention(
            (qkv): Linear(in_features=768, out_features=2304, bias=True)
            (attn_drop): Dropout(p=0.0, inplace=False)
            (proj): Linear(in_features=768, out_features=768, bias=True)
            (proj_drop): Dropout(p=0.0, inplace=False)
          )
          (ls1): LayerScale()
          (drop_path1): Identity()
          (norm2): LayerNorm((768,), eps=1e-06, elementwise_affine=True)
          (mlp): Mlp(
            (fc1): Linear(in_features=768, out_features=3072, bias=True)
            (act): GELU(approximate='none')
            (fc2): Linear(in_features=3072, out_features=768, bias=True)
            (drop): Dropout(p=0.0, inplace=False)
          )
          (ls2): LayerScale()
          (drop_path2): Identity()
        )
        (4): NestedTensorBlock(
          (norm1): LayerNorm((768,), eps=1e-06, elementwise_affine=True)
          (attn): MemEffAttention(
            (qkv): Linear(in_features=768, out_features=2304, bias=True)
            (attn_drop): Dropout(p=0.0, inplace=False)
            (proj): Linear(in_features=768, out_features=768, bias=True)
            (proj_drop): Dropout(p=0.0, inplace=False)
          )
          (ls1): LayerScale()
          (drop_path1): Identity()
          (norm2): LayerNorm((768,), eps=1e-06, elementwise_affine=True)
          (mlp): Mlp(
            (fc1): Linear(in_features=768, out_features=3072, bias=True)
            (act): GELU(approximate='none')
            (fc2): Linear(in_features=3072, out_features=768, bias=True)
            (drop): Dropout(p=0.0, inplace=False)
          )
          (ls2): LayerScale()
          (drop_path2): Identity()
        )
        (5): NestedTensorBlock(
          (norm1): LayerNorm((768,), eps=1e-06, elementwise_affine=True)
          (attn): MemEffAttention(
            (qkv): Linear(in_features=768, out_features=2304, bias=True)
            (attn_drop): Dropout(p=0.0, inplace=False)
            (proj): Linear(in_features=768, out_features=768, bias=True)
            (proj_drop): Dropout(p=0.0, inplace=False)
          )
          (ls1): LayerScale()
          (drop_path1): Identity()
          (norm2): LayerNorm((768,), eps=1e-06, elementwise_affine=True)
          (mlp): Mlp(
            (fc1): Linear(in_features=768, out_features=3072, bias=True)
            (act): GELU(approximate='none')
            (fc2): Linear(in_features=3072, out_features=768, bias=True)
            (drop): Dropout(p=0.0, inplace=False)
          )
          (ls2): LayerScale()
          (drop_path2): Identity()
        )
        (6): NestedTensorBlock(
          (norm1): LayerNorm((768,), eps=1e-06, elementwise_affine=True)
          (attn): MemEffAttention(
            (qkv): Linear(in_features=768, out_features=2304, bias=True)
            (attn_drop): Dropout(p=0.0, inplace=False)
            (proj): Linear(in_features=768, out_features=768, bias=True)
            (proj_drop): Dropout(p=0.0, inplace=False)
          )
          (ls1): LayerScale()
          (drop_path1): Identity()
          (norm2): LayerNorm((768,), eps=1e-06, elementwise_affine=True)
          (mlp): Mlp(
            (fc1): Linear(in_features=768, out_features=3072, bias=True)
            (act): GELU(approximate='none')
            (fc2): Linear(in_features=3072, out_features=768, bias=True)
            (drop): Dropout(p=0.0, inplace=False)
          )
          (ls2): LayerScale()
          (drop_path2): Identity()
        )
        (7): NestedTensorBlock(
          (norm1): LayerNorm((768,), eps=1e-06, elementwise_affine=True)
          (attn): MemEffAttention(
            (qkv): Linear(in_features=768, out_features=2304, bias=True)
            (attn_drop): Dropout(p=0.0, inplace=False)
            (proj): Linear(in_features=768, out_features=768, bias=True)
            (proj_drop): Dropout(p=0.0, inplace=False)
          )
          (ls1): LayerScale()
          (drop_path1): Identity()
          (norm2): LayerNorm((768,), eps=1e-06, elementwise_affine=True)
          (mlp): Mlp(
            (fc1): Linear(in_features=768, out_features=3072, bias=True)
            (act): GELU(approximate='none')
            (fc2): Linear(in_features=3072, out_features=768, bias=True)
            (drop): Dropout(p=0.0, inplace=False)
          )
          (ls2): LayerScale()
          (drop_path2): Identity()
        )
        (8): NestedTensorBlock(
          (norm1): LayerNorm((768,), eps=1e-06, elementwise_affine=True)
          (attn): MemEffAttention(
            (qkv): Linear(in_features=768, out_features=2304, bias=True)
            (attn_drop): Dropout(p=0.0, inplace=False)
            (proj): Linear(in_features=768, out_features=768, bias=True)
            (proj_drop): Dropout(p=0.0, inplace=False)
          )
          (ls1): LayerScale()
          (drop_path1): Identity()
          (norm2): LayerNorm((768,), eps=1e-06, elementwise_affine=True)
          (mlp): Mlp(
            (fc1): Linear(in_features=768, out_features=3072, bias=True)
            (act): GELU(approximate='none')
            (fc2): Linear(in_features=3072, out_features=768, bias=True)
            (drop): Dropout(p=0.0, inplace=False)
          )
          (ls2): LayerScale()
          (drop_path2): Identity()
        )
        (9): NestedTensorBlock(
          (norm1): LayerNorm((768,), eps=1e-06, elementwise_affine=True)
          (attn): MemEffAttention(
            (qkv): Linear(in_features=768, out_features=2304, bias=True)
            (attn_drop): Dropout(p=0.0, inplace=False)
            (proj): Linear(in_features=768, out_features=768, bias=True)
            (proj_drop): Dropout(p=0.0, inplace=False)
          )
          (ls1): LayerScale()
          (drop_path1): Identity()
          (norm2): LayerNorm((768,), eps=1e-06, elementwise_affine=True)
          (mlp): Mlp(
            (fc1): Linear(in_features=768, out_features=3072, bias=True)
            (act): GELU(approximate='none')
            (fc2): Linear(in_features=3072, out_features=768, bias=True)
            (drop): Dropout(p=0.0, inplace=False)
          )
          (ls2): LayerScale()
          (drop_path2): Identity()
        )
        (10): NestedTensorBlock(
          (norm1): LayerNorm((768,), eps=1e-06, elementwise_affine=True)
          (attn): MemEffAttention(
            (qkv): Linear(in_features=768, out_features=2304, bias=True)
            (attn_drop): Dropout(p=0.0, inplace=False)
            (proj): Linear(in_features=768, out_features=768, bias=True)
            (proj_drop): Dropout(p=0.0, inplace=False)
          )
          (ls1): LayerScale()
          (drop_path1): Identity()
          (norm2): LayerNorm((768,), eps=1e-06, elementwise_affine=True)
          (mlp): Mlp(
            (fc1): Linear(in_features=768, out_features=3072, bias=True)
            (act): GELU(approximate='none')
            (fc2): Linear(in_features=3072, out_features=768, bias=True)
            (drop): Dropout(p=0.0, inplace=False)
          )
          (ls2): LayerScale()
          (drop_path2): Identity()
        )
        (11): NestedTensorBlock(
          (norm1): LayerNorm((768,), eps=1e-06, elementwise_affine=True)
          (attn): MemEffAttention(
            (qkv): Linear(in_features=768, out_features=2304, bias=True)
            (attn_drop): Dropout(p=0.0, inplace=False)
            (proj): Linear(in_features=768, out_features=768, bias=True)
            (proj_drop): Dropout(p=0.0, inplace=False)
          )
          (ls1): LayerScale()
          (drop_path1): Identity()
          (norm2): LayerNorm((768,), eps=1e-06, elementwise_affine=True)
          (mlp): Mlp(
            (fc1): Linear(in_features=768, out_features=3072, bias=True)
            (act): GELU(approximate='none')
            (fc2): Linear(in_features=3072, out_features=768, bias=True)
            (drop): Dropout(p=0.0, inplace=False)
          )
          (ls2): LayerScale()
          (drop_path2): Identity()
        )
      )
      (norm): LayerNorm((768,), eps=1e-06, elementwise_affine=True)
      (head): Identity()
    )
  )
  (aggregator): TokenMudule(
    (token_block): TokenBlock(
      (space_self_aware): SpaceSelfAware(
        (pad): ZeroPad2d((1, 1, 2, 0))
        (unfold): Unfold(kernel_size=(3, 3), dilation=1, padding=0, stride=1)
      )
      (space_fusion): Sequential(
        (0): L2Norm()
        (1): GeneralizedMeanPooling(3.0, output_size=1)
      )
      (channel): Mlp(
        (fc1): Linear(in_features=768, out_features=384, bias=True)
        (act): GELU(approximate='none')
        (drop1): Dropout(p=0.0, inplace=False)
        (fc2): Linear(in_features=384, out_features=768, bias=True)
        (drop2): Dropout(p=0.0, inplace=False)
      )
    )
    (head): GeMHead(
      (pool): GeneralizedMeanPooling(3.0, output_size=1)
      (fc): Linear(in_features=768, out_features=4096, bias=True)
    )
  )
)
2024-05-02 05:22:14   Val set: < MSLS, msls-val - #database: 18871; #queries: 747 >
2024-05-02 05:22:14   Start training epoch: 00
2024-05-02 05:41:50   Finished epoch 00 in 0:19:36, average epoch loss = 0.7827
2024-05-02 05:42:49   Ranking results: msls_val R@1: 0.8446, R@5: 0.9216, R@10: 0.9405, R@15: 0.9527, R@20: 0.9581, R@50: 0.9662, R@100: 0.9716
2024-05-02 05:42:51   Improved: previous msls-val best R@1 = 0.0000, current R@1 = 0.8446
2024-05-02 05:42:51   Start training epoch: 01
2024-05-02 06:02:22   Finished epoch 01 in 0:19:31, average epoch loss = 0.4294
2024-05-02 06:03:20   Ranking results: msls_val R@1: 0.8743, R@5: 0.9405, R@10: 0.9541, R@15: 0.9608, R@20: 0.9635, R@50: 0.9703, R@100: 0.9730
2024-05-02 06:03:28   Improved: previous msls-val best R@1 = 0.8446, current R@1 = 0.8743
2024-05-02 06:03:28   Start training epoch: 02
2024-05-02 06:22:58   Finished epoch 02 in 0:19:30, average epoch loss = 0.3668
2024-05-02 06:23:56   Ranking results: msls_val R@1: 0.8622, R@5: 0.9405, R@10: 0.9527, R@15: 0.9568, R@20: 0.9608, R@50: 0.9730, R@100: 0.9770
2024-05-02 06:23:59   Not improved: 1 / 3: msls-val best R@1 = 0.8743, current R@1 = 0.8622
2024-05-02 06:23:59   Start training epoch: 03
2024-05-02 06:43:29   Finished epoch 03 in 0:19:29, average epoch loss = 0.3131
2024-05-02 06:44:26   Ranking results: msls_val R@1: 0.8689, R@5: 0.9378, R@10: 0.9527, R@15: 0.9541, R@20: 0.9649, R@50: 0.9703, R@100: 0.9757
2024-05-02 06:44:30   Not improved: 2 / 3: msls-val best R@1 = 0.8743, current R@1 = 0.8689
2024-05-02 06:44:30   Start training epoch: 04
2024-05-02 07:03:58   Finished epoch 04 in 0:19:28, average epoch loss = 0.2899
2024-05-02 07:04:56   Ranking results: msls_val R@1: 0.8716, R@5: 0.9365, R@10: 0.9446, R@15: 0.9527, R@20: 0.9608, R@50: 0.9730, R@100: 0.9743
2024-05-02 07:05:00   Not improved: 3 / 3: msls-val best R@1 = 0.8743, current R@1 = 0.8716
2024-05-02 07:05:00   Performance did not improve for 3 epochs. Stop training.
2024-05-02 07:05:00   Best  msls-val best R@1 = 0.8743
2024-05-02 07:05:00   Trained for 05 epochs, in total in 1:42:51
2024-05-02 07:05:00   Val set: < MSLS, msls-val - #database: 18871; #queries: 747 >
2024-05-02 07:05:00   Val set: < Tokyo247Dataset, Tokyo - #database: 75984; #queries: 423 >
2024-05-02 07:05:00   Val set: < SPEDDataset, SPED - #database: 607; #queries: 607 >
2024-05-02 07:05:00   Val set: < NordlandDataset, nordland - #database: 27592; #queries: 2760 >
2024-05-02 07:05:00   Val set: < WholeDatasetFromStruct, pitts30k_val - #database: 10000; #queries: 7608 >
2024-05-02 07:05:00   Val set: < WholeDatasetFromStruct, pitts30k_test - #database: 10000; #queries: 6816 >
2024-05-02 07:05:01   Val set: < WholeDatasetFromStruct, pitts250k_test - #database: 83952; #queries: 8280 >
2024-05-02 07:05:01   Val set: < WholeDatasetFromStruct, pitts250k_val - #database: 78648; #queries: 7608 >
2024-05-02 07:05:01   Test *best* model on test set
2024-05-02 07:05:59   Ranking results: msls_val R@1: 0.8743, R@5: 0.9405, R@10: 0.9541, R@15: 0.9608, R@20: 0.9635, R@50: 0.9703, R@100: 0.9730
2024-05-02 07:12:15   Ranking results: tokyo247 R@1: 0.8061, R@5: 0.8913, R@10: 0.9149, R@15: 0.9243, R@20: 0.9267, R@50: 0.9504, R@100: 0.9574
2024-05-02 07:12:20   Ranking results: SPED R@1: 0.8748, R@5: 0.9275, R@10: 0.9489, R@15: 0.9539, R@20: 0.9555, R@50: 0.9621, R@100: 0.9802
2024-05-02 07:13:56   Ranking results: nordland R@1: 0.4319, R@5: 0.6188, R@10: 0.6880, R@15: 0.7228, R@20: 0.7449, R@50: 0.8225, R@100: 0.8710
2024-05-02 07:14:57   Ranking results: pitts30k_val R@1: 0.9313, R@5: 0.9821, R@10: 0.9892, R@15: 0.9919, R@20: 0.9929, R@50: 0.9974, R@100: 0.9995
2024-05-02 07:15:55   Ranking results: pitts30k_test R@1: 0.9083, R@5: 0.9526, R@10: 0.9632, R@15: 0.9704, R@20: 0.9743, R@50: 0.9856, R@100: 0.9908
2024-05-02 07:21:47   Ranking results: pitts250k_test R@1: 0.9366, R@5: 0.9768, R@10: 0.9845, R@15: 0.9889, R@20: 0.9907, R@50: 0.9940, R@100: 0.9961
2024-05-02 07:27:06   Ranking results: pitts250k_val R@1: 0.9289, R@5: 0.9779, R@10: 0.9857, R@15: 0.9892, R@20: 0.9901, R@50: 0.9953, R@100: 0.9971
2024-05-02 07:27:06   Test *last* model on test set
2024-05-02 07:28:06   Ranking results: msls_val R@1: 0.8716, R@5: 0.9365, R@10: 0.9446, R@15: 0.9527, R@20: 0.9608, R@50: 0.9730, R@100: 0.9743
2024-05-02 07:34:23   Ranking results: tokyo247 R@1: 0.8392, R@5: 0.8913, R@10: 0.9196, R@15: 0.9338, R@20: 0.9433, R@50: 0.9527, R@100: 0.9527
2024-05-02 07:34:29   Ranking results: SPED R@1: 0.8731, R@5: 0.9407, R@10: 0.9489, R@15: 0.9539, R@20: 0.9588, R@50: 0.9769, R@100: 0.9819
2024-05-02 07:36:05   Ranking results: nordland R@1: 0.4938, R@5: 0.6725, R@10: 0.7319, R@15: 0.7634, R@20: 0.7837, R@50: 0.8529, R@100: 0.8960
2024-05-02 07:37:06   Ranking results: pitts30k_val R@1: 0.9431, R@5: 0.9873, R@10: 0.9936, R@15: 0.9950, R@20: 0.9961, R@50: 0.9984, R@100: 0.9991
2024-05-02 07:38:04   Ranking results: pitts30k_test R@1: 0.9114, R@5: 0.9532, R@10: 0.9660, R@15: 0.9726, R@20: 0.9756, R@50: 0.9849, R@100: 0.9894
2024-05-02 07:43:56   Ranking results: pitts250k_test R@1: 0.9428, R@5: 0.9804, R@10: 0.9883, R@15: 0.9920, R@20: 0.9944, R@50: 0.9969, R@100: 0.9978
2024-05-02 07:49:15   Ranking results: pitts250k_val R@1: 0.9397, R@5: 0.9845, R@10: 0.9916, R@15: 0.9933, R@20: 0.9949, R@50: 0.9975, R@100: 0.9980
